<?xml version="1.0" encoding="UTF-8"?>
<coverage generated="1636709129257" clover="3.2.0">
  <project timestamp="1636709129257" name="All files">
    <metrics statements="6" coveredstatements="2" conditionals="0" coveredconditionals="0" methods="3" coveredmethods="1" elements="9" coveredelements="3" complexity="0" loc="6" ncloc="6" packages="1" files="1" classes="1"/>
    <file name="index.tsx" path="/Users/kalyanip/Documents/TypeScript_Programs/MyAwesomeProject/Testing/DummyPage/index.tsx">
      <metrics statements="6" coveredstatements="2" conditionals="0" coveredconditionals="0" methods="3" coveredmethods="1"/>
      <line num="4" count="1" type="stmt"/>
      <line num="5" count="1" type="stmt"/>
      <line num="6" count="0" type="stmt"/>
      <line num="7" count="0" type="stmt"/>
      <line num="9" count="0" type="stmt"/>
      <line num="12" count="0" type="stmt"/>
    </file>
  </project>
</coverage>
