{"/Users/kalyanip/Documents/TypeScript_Programs/MyAwesomeProject/Testing/DummyPage/index.tsx": {"path":"/Users/kalyanip/Documents/TypeScript_Programs/MyAwesomeProject/Testing/DummyPage/index.tsx","statementMap":{"0":{"start":{"line":4,"column":18},"end":{"line":15,"column":1}},"1":{"start":{"line":5,"column":19},"end":{"line":5,"column":31}},"2":{"start":{"line":6,"column":23},"end":{"line":8,"column":5}},"3":{"start":{"line":7,"column":8},"end":{"line":7,"column":21}},"4":{"start":{"line":9,"column":4},"end":{"line":14,"column":5}},"5":{"start":{"line":12,"column":46},"end":{"line":12,"column":77}}},"fnMap":{"0":{"name":"(anonymous_0)","decl":{"start":{"line":4,"column":18},"end":{"line":4,"column":19}},"loc":{"start":{"line":4,"column":42},"end":{"line":15,"column":1}},"line":4},"1":{"name":"(anonymous_1)","decl":{"start":{"line":6,"column":23},"end":{"line":6,"column":24}},"loc":{"start":{"line":6,"column":34},"end":{"line":8,"column":5}},"line":6},"2":{"name":"(anonymous_2)","decl":{"start":{"line":12,"column":41},"end":{"line":12,"column":42}},"loc":{"start":{"line":12,"column":46},"end":{"line":12,"column":77}},"line":12}},"branchMap":{},"s":{"0":1,"1":1,"2":0,"3":0,"4":0,"5":0},"f":{"0":1,"1":0,"2":0},"b":{},"_coverageSchema":"1a1c01bbd47fc00a2c39e90264f33305004495a9","hash":"d2c28f7580585b670137567838eb290b46b0d060"}
}
